[0.051s] Invoking command in '/home/ander/ros2_ws/src/build/my_package': CMAKE_PREFIX_PATH=${CMAKE_PREFIX_PATH}:/opt/ros/jazzy /usr/bin/cmake /home/ander/ros2_ws/src/my_package -DCMAKE_INSTALL_PREFIX=/home/ander/ros2_ws/src/install/my_package
[0.583s] -- The C compiler identification is GNU 13.3.0
[1.262s] -- The CXX compiler identification is GNU 13.3.0
[1.698s] -- Detecting C compiler ABI info
[2.123s] -- Detecting C compiler ABI info - done
[2.152s] -- Check for working C compiler: /usr/bin/cc - skipped
[2.154s] -- Detecting C compile features
[2.156s] -- Detecting C compile features - done
[2.264s] -- Detecting CXX compiler ABI info
[2.616s] -- Detecting CXX compiler ABI info - done
[2.631s] -- Check for working CXX compiler: /usr/bin/c++ - skipped
[2.632s] -- Detecting CXX compile features
[2.633s] -- Detecting CXX compile features - done
[2.686s] -- Found ament_cmake: 2.5.6 (/opt/ros/jazzy/share/ament_cmake/cmake)
[2.999s] -- Found Python3: /usr/bin/python3 (found version "3.12.3") found components: Interpreter 
[3.948s] [31mCMake Error at CMakeLists.txt:10 (find_package):
[3.948s]   By not providing "Findrclpp.cmake" in CMAKE_MODULE_PATH this project has
[3.948s]   asked CMake to find a package configuration file provided by "rclpp", but
[3.949s]   CMake did not find one.
[3.949s] 
[3.949s]   Could not find a package configuration file provided by "rclpp" with any of
[3.949s]   the following names:
[3.949s] 
[3.949s]     rclppConfig.cmake
[3.949s]     rclpp-config.cmake
[3.950s] 
[3.950s]   Add the installation prefix of "rclpp" to CMAKE_PREFIX_PATH or set
[3.950s]   "rclpp_DIR" to a directory containing one of the above files.  If "rclpp"
[3.950s]   provides a separate development package or SDK, be sure it has been
[3.950s]   installed.
[3.951s] 
[3.951s] [0m
[3.951s] -- Configuring incomplete, errors occurred!
[3.956s] Invoked command in '/home/ander/ros2_ws/src/build/my_package' returned '1': CMAKE_PREFIX_PATH=${CMAKE_PREFIX_PATH}:/opt/ros/jazzy /usr/bin/cmake /home/ander/ros2_ws/src/my_package -DCMAKE_INSTALL_PREFIX=/home/ander/ros2_ws/src/install/my_package
