[0.034s] Invoking command in '/home/ander/ros2_ws/src/cpp_pubsub/build/cpp_pubsub': CMAKE_PREFIX_PATH=${CMAKE_PREFIX_PATH}:/opt/ros/jazzy /usr/bin/cmake /home/ander/ros2_ws/src/cpp_pubsub -DCMAKE_INSTALL_PREFIX=/home/ander/ros2_ws/src/cpp_pubsub/install/cpp_pubsub
[0.310s] -- The C compiler identification is GNU 13.3.0
[0.621s] -- The CXX compiler identification is GNU 13.3.0
[0.787s] -- Detecting C compiler ABI info
[0.962s] -- Detecting C compiler ABI info - done
[0.974s] -- Check for working C compiler: /usr/bin/cc - skipped
[0.975s] -- Detecting C compile features
[0.976s] -- Detecting C compile features - done
[1.010s] -- Detecting CXX compiler ABI info
[1.157s] -- Detecting CXX compiler ABI info - done
[1.168s] -- Check for working CXX compiler: /usr/bin/c++ - skipped
[1.168s] -- Detecting CXX compile features
[1.169s] -- Detecting CXX compile features - done
[1.196s] -- Found ament_cmake: 2.5.6 (/opt/ros/jazzy/share/ament_cmake/cmake)
[1.361s] -- Found Python3: /usr/bin/python3 (found version "3.12.3") found components: Interpreter 
[1.563s] -- Found rclcpp: 28.1.18 (/opt/ros/jazzy/share/rclcpp/cmake)
[1.705s] -- Found rosidl_generator_c: 4.6.7 (/opt/ros/jazzy/share/rosidl_generator_c/cmake)
[1.731s] -- Found rosidl_generator_cpp: 4.6.7 (/opt/ros/jazzy/share/rosidl_generator_cpp/cmake)
[1.769s] -- Using all available rosidl_typesupport_c: rosidl_typesupport_fastrtps_c;rosidl_typesupport_introspection_c
[1.803s] -- Using all available rosidl_typesupport_cpp: rosidl_typesupport_fastrtps_cpp;rosidl_typesupport_introspection_cpp
[1.961s] -- Found rmw_implementation_cmake: 7.3.3 (/opt/ros/jazzy/share/rmw_implementation_cmake/cmake)
[1.968s] -- Found rmw_fastrtps_cpp: 8.4.3 (/opt/ros/jazzy/share/rmw_fastrtps_cpp/cmake)
[2.099s] -- Found OpenSSL: /usr/lib/x86_64-linux-gnu/libcrypto.so (found version "3.0.13")  
[2.172s] -- Found FastRTPS: /opt/ros/jazzy/include (Required is at least version "2.13") 
[2.220s] -- Using RMW implementation 'rmw_fastrtps_cpp' as default
[2.395s] -- Found std_msgs: 5.3.7 (/opt/ros/jazzy/share/std_msgs/cmake)
[2.431s] -- Found ament_lint_auto: 0.17.5 (/opt/ros/jazzy/share/ament_lint_auto/cmake)
[2.584s] -- Added test 'cppcheck' to perform static code analysis on C / C++ code
[2.584s] -- Configured cppcheck include dirs: 
[2.585s] -- Configured cppcheck exclude dirs and/or files: 
[2.589s] -- Added test 'lint_cmake' to check CMake code style
[2.597s] -- Added test 'uncrustify' to check C / C++ code style
[2.597s] -- Configured uncrustify additional arguments: 
[2.599s] -- Added test 'xmllint' to check XML markup files
[2.604s] -- Configuring done (2.5s)
[2.619s] -- Generating done (0.0s)
[2.624s] -- Build files have been written to: /home/ander/ros2_ws/src/cpp_pubsub/build/cpp_pubsub
[2.633s] Invoked command in '/home/ander/ros2_ws/src/cpp_pubsub/build/cpp_pubsub' returned '0': CMAKE_PREFIX_PATH=${CMAKE_PREFIX_PATH}:/opt/ros/jazzy /usr/bin/cmake /home/ander/ros2_ws/src/cpp_pubsub -DCMAKE_INSTALL_PREFIX=/home/ander/ros2_ws/src/cpp_pubsub/install/cpp_pubsub
[2.635s] Invoking command in '/home/ander/ros2_ws/src/cpp_pubsub/build/cpp_pubsub': CMAKE_PREFIX_PATH=${CMAKE_PREFIX_PATH}:/opt/ros/jazzy /usr/bin/cmake --build /home/ander/ros2_ws/src/cpp_pubsub/build/cpp_pubsub -- -j8 -l8
[2.689s] [ 50%] [32mBuilding CXX object CMakeFiles/talker.dir/src/publisher_lambda_function.cpp.o[0m
[8.935s] [100%] [32m[1mLinking CXX executable talker[0m
[9.316s] [100%] Built target talker
[9.335s] Invoked command in '/home/ander/ros2_ws/src/cpp_pubsub/build/cpp_pubsub' returned '0': CMAKE_PREFIX_PATH=${CMAKE_PREFIX_PATH}:/opt/ros/jazzy /usr/bin/cmake --build /home/ander/ros2_ws/src/cpp_pubsub/build/cpp_pubsub -- -j8 -l8
[9.349s] Invoking command in '/home/ander/ros2_ws/src/cpp_pubsub/build/cpp_pubsub': CMAKE_PREFIX_PATH=${CMAKE_PREFIX_PATH}:/opt/ros/jazzy /usr/bin/cmake --install /home/ander/ros2_ws/src/cpp_pubsub/build/cpp_pubsub
[9.362s] -- Install configuration: ""
[9.363s] -- Installing: /home/ander/ros2_ws/src/cpp_pubsub/install/cpp_pubsub/lib/cpp_pubsub/talker
[9.364s] -- Set non-toolchain portion of runtime path of "/home/ander/ros2_ws/src/cpp_pubsub/install/cpp_pubsub/lib/cpp_pubsub/talker" to ""
[9.365s] -- Installing: /home/ander/ros2_ws/src/cpp_pubsub/install/cpp_pubsub/share/ament_index/resource_index/package_run_dependencies/cpp_pubsub
[9.366s] -- Installing: /home/ander/ros2_ws/src/cpp_pubsub/install/cpp_pubsub/share/ament_index/resource_index/parent_prefix_path/cpp_pubsub
[9.367s] -- Installing: /home/ander/ros2_ws/src/cpp_pubsub/install/cpp_pubsub/share/cpp_pubsub/environment/ament_prefix_path.sh
[9.367s] -- Installing: /home/ander/ros2_ws/src/cpp_pubsub/install/cpp_pubsub/share/cpp_pubsub/environment/ament_prefix_path.dsv
[9.367s] -- Installing: /home/ander/ros2_ws/src/cpp_pubsub/install/cpp_pubsub/share/cpp_pubsub/environment/path.sh
[9.368s] -- Installing: /home/ander/ros2_ws/src/cpp_pubsub/install/cpp_pubsub/share/cpp_pubsub/environment/path.dsv
[9.368s] -- Installing: /home/ander/ros2_ws/src/cpp_pubsub/install/cpp_pubsub/share/cpp_pubsub/local_setup.bash
[9.368s] -- Installing: /home/ander/ros2_ws/src/cpp_pubsub/install/cpp_pubsub/share/cpp_pubsub/local_setup.sh
[9.368s] -- Installing: /home/ander/ros2_ws/src/cpp_pubsub/install/cpp_pubsub/share/cpp_pubsub/local_setup.zsh
[9.369s] -- Installing: /home/ander/ros2_ws/src/cpp_pubsub/install/cpp_pubsub/share/cpp_pubsub/local_setup.dsv
[9.369s] -- Installing: /home/ander/ros2_ws/src/cpp_pubsub/install/cpp_pubsub/share/cpp_pubsub/package.dsv
[9.369s] -- Installing: /home/ander/ros2_ws/src/cpp_pubsub/install/cpp_pubsub/share/ament_index/resource_index/packages/cpp_pubsub
[9.369s] -- Installing: /home/ander/ros2_ws/src/cpp_pubsub/install/cpp_pubsub/share/cpp_pubsub/cmake/cpp_pubsubConfig.cmake
[9.370s] -- Installing: /home/ander/ros2_ws/src/cpp_pubsub/install/cpp_pubsub/share/cpp_pubsub/cmake/cpp_pubsubConfig-version.cmake
[9.370s] -- Installing: /home/ander/ros2_ws/src/cpp_pubsub/install/cpp_pubsub/share/cpp_pubsub/package.xml
[9.372s] Invoked command in '/home/ander/ros2_ws/src/cpp_pubsub/build/cpp_pubsub' returned '0': CMAKE_PREFIX_PATH=${CMAKE_PREFIX_PATH}:/opt/ros/jazzy /usr/bin/cmake --install /home/ander/ros2_ws/src/cpp_pubsub/build/cpp_pubsub
